{"contracts/InsaneClownPonzi.sol":{"l":{"29":7,"37":4,"38":4,"39":4,"41":4,"42":2,"43":2,"47":2,"48":2,"49":2,"51":0,"52":0,"54":0,"55":0,"57":0,"58":0,"59":0,"61":0,"62":0,"68":4,"69":2,"70":2,"71":2,"75":4,"76":4,"79":4,"81":4,"83":4,"88":0,"89":0,"90":0,"92":0,"93":0,"94":0,"99":1,"101":1,"102":1,"103":1,"105":1,"109":1,"113":0,"117":5,"121":0,"125":0,"129":1,"133":2,"137":0},"path":"/home/computerboy/code/smartbch-ponzi-fund/contracts/InsaneClownPonzi.sol","s":{"1":7,"2":0,"3":0,"4":0,"5":0,"6":0,"7":0,"8":1,"9":1,"10":1,"11":1,"12":1,"13":1,"14":0,"15":5,"16":0,"17":0,"18":1,"19":2,"20":0},"b":{"1":[2,2],"2":[2,0],"3":[4,0],"4":[0,0],"5":[1,0]},"f":{"1":7,"2":0,"3":1,"4":1,"5":0,"6":5,"7":0,"8":0,"9":1,"10":2,"11":0},"fnMap":{"1":{"name":"constructor","line":28,"loc":{"start":{"line":28,"column":4},"end":{"line":30,"column":4}}},"2":{"name":"claimClown","line":87,"loc":{"start":{"line":87,"column":4},"end":{"line":95,"column":4}}},"3":{"name":"withdraw","line":98,"loc":{"start":{"line":98,"column":4},"end":{"line":106,"column":4}}},"4":{"name":"owner","line":108,"loc":{"start":{"line":108,"column":4},"end":{"line":110,"column":4}}},"5":{"name":"totalInvested","line":112,"loc":{"start":{"line":112,"column":4},"end":{"line":114,"column":4}}},"6":{"name":"bchBalanceOf","line":116,"loc":{"start":{"line":116,"column":4},"end":{"line":118,"column":4}}},"7":{"name":"clownPointsOf","line":120,"loc":{"start":{"line":120,"column":4},"end":{"line":122,"column":4}}},"8":{"name":"clownPrice","line":124,"loc":{"start":{"line":124,"column":4},"end":{"line":126,"column":4}}},"9":{"name":"invested","line":128,"loc":{"start":{"line":128,"column":4},"end":{"line":130,"column":4}}},"10":{"name":"totalSupply","line":132,"loc":{"start":{"line":132,"column":4},"end":{"line":134,"column":4}}},"11":{"name":"_baseURI","line":136,"loc":{"start":{"line":136,"column":4},"end":{"line":138,"column":4}}}},"statementMap":{"1":{"start":{"line":29,"column":8},"end":{"line":29,"column":26}},"2":{"start":{"line":88,"column":8},"end":{"line":88,"column":82}},"3":{"start":{"line":89,"column":8},"end":{"line":89,"column":46}},"4":{"start":{"line":90,"column":8},"end":{"line":90,"column":40}},"5":{"start":{"line":92,"column":8},"end":{"line":92,"column":28}},"6":{"start":{"line":93,"column":8},"end":{"line":93,"column":36}},"7":{"start":{"line":94,"column":8},"end":{"line":94,"column":33}},"8":{"start":{"line":99,"column":8},"end":{"line":99,"column":74}},"9":{"start":{"line":101,"column":8},"end":{"line":101,"column":46}},"10":{"start":{"line":102,"column":8},"end":{"line":102,"column":35}},"11":{"start":{"line":103,"column":8},"end":{"line":103,"column":43}},"12":{"start":{"line":105,"column":8},"end":{"line":105,"column":41}},"13":{"start":{"line":109,"column":8},"end":{"line":109,"column":21}},"14":{"start":{"line":113,"column":8},"end":{"line":113,"column":29}},"15":{"start":{"line":117,"column":8},"end":{"line":117,"column":36}},"16":{"start":{"line":121,"column":8},"end":{"line":121,"column":36}},"17":{"start":{"line":125,"column":8},"end":{"line":125,"column":26}},"18":{"start":{"line":129,"column":8},"end":{"line":129,"column":33}},"19":{"start":{"line":133,"column":8},"end":{"line":133,"column":34}},"20":{"start":{"line":137,"column":8},"end":{"line":137,"column":23}}},"branchMap":{"1":{"line":41,"type":"if","locations":[{"start":{"line":41,"column":8},"end":{"line":41,"column":8}},{"start":{"line":41,"column":8},"end":{"line":41,"column":8}}]},"2":{"line":47,"type":"if","locations":[{"start":{"line":47,"column":12},"end":{"line":47,"column":12}},{"start":{"line":47,"column":12},"end":{"line":47,"column":12}}]},"3":{"line":75,"type":"if","locations":[{"start":{"line":75,"column":8},"end":{"line":75,"column":8}},{"start":{"line":75,"column":8},"end":{"line":75,"column":8}}]},"4":{"line":88,"type":"if","locations":[{"start":{"line":88,"column":8},"end":{"line":88,"column":8}},{"start":{"line":88,"column":8},"end":{"line":88,"column":8}}]},"5":{"line":99,"type":"if","locations":[{"start":{"line":99,"column":8},"end":{"line":99,"column":8}},{"start":{"line":99,"column":8},"end":{"line":99,"column":8}}]}}}}